<?xml version="1.0" encoding="UTF-8"?>
<testng-results ignored="0" total="2" passed="2" failed="0" skipped="0">
  <reporter-output>
  </reporter-output>
  <suite started-at="2021-06-18T17:04:11 EET" name="Default suite" finished-at="2021-06-18T17:04:19 EET" duration-ms="7784">
    <groups>
    </groups>
    <test started-at="2021-06-18T17:04:11 EET" name="Default test" finished-at="2021-06-18T17:04:19 EET" duration-ms="7784">
      <class name="tests.LoginTest">
        <test-method is-config="true" signature="startDriver(java.lang.String)[pri:0, instance:tests.LoginTest@1817d444]" started-at="2021-06-18T17:04:06 EET" name="startDriver" finished-at="2021-06-18T17:04:11 EET" duration-ms="4746" status="PASS">
          <params>
            <param index="0">
              <value>
                <![CDATA[chrome]]>
              </value>
            </param>
          </params>
          <reporter-output>
          </reporter-output>
        </test-method> <!-- startDriver -->
        <test-method signature="usercanlogin()[pri:0, instance:tests.LoginTest@1817d444]" started-at="2021-06-18T17:04:11 EET" name="usercanlogin" finished-at="2021-06-18T17:04:17 EET" duration-ms="6293" status="PASS">
          <reporter-output>
          </reporter-output>
        </test-method> <!-- usercanlogin -->
        <test-method is-config="true" signature="screenshotOnFailure(org.testng.ITestResult)[pri:0, instance:tests.LoginTest@1817d444]" started-at="2021-06-18T17:04:17 EET" name="screenshotOnFailure" finished-at="2021-06-18T17:04:17 EET" duration-ms="1" status="PASS">
          <params>
            <param index="0">
              <value>
                <![CDATA[[TestResult name=usercanlogin status=SUCCESS method=LoginTest.usercanlogin()[pri:0, instance:tests.LoginTest@1817d444] output={null}]]]>
              </value>
            </param>
          </params>
          <reporter-output>
          </reporter-output>
        </test-method> <!-- screenshotOnFailure -->
        <test-method signature="UserCanLogOut()[pri:0, instance:tests.LoginTest@1817d444]" started-at="2021-06-18T17:04:17 EET" name="UserCanLogOut" finished-at="2021-06-18T17:04:19 EET" depends-on-methods="tests.LoginTest.usercanlogin" duration-ms="1449" status="PASS">
          <reporter-output>
          </reporter-output>
        </test-method> <!-- UserCanLogOut -->
        <test-method is-config="true" signature="screenshotOnFailure(org.testng.ITestResult)[pri:0, instance:tests.LoginTest@1817d444]" started-at="2021-06-18T17:04:19 EET" name="screenshotOnFailure" finished-at="2021-06-18T17:04:19 EET" duration-ms="1" status="PASS">
          <params>
            <param index="0">
              <value>
                <![CDATA[[TestResult name=UserCanLogOut status=SUCCESS method=LoginTest.UserCanLogOut()[pri:0, instance:tests.LoginTest@1817d444] output={null}]]]>
              </value>
            </param>
          </params>
          <reporter-output>
          </reporter-output>
        </test-method> <!-- screenshotOnFailure -->
        <test-method is-config="true" signature="stopDriver()[pri:0, instance:tests.LoginTest@1817d444]" started-at="2021-06-18T17:04:19 EET" name="stopDriver" finished-at="2021-06-18T17:04:19 EET" duration-ms="1" status="PASS">
          <reporter-output>
          </reporter-output>
        </test-method> <!-- stopDriver -->
      </class> <!-- tests.LoginTest -->
    </test> <!-- Default test -->
  </suite> <!-- Default suite -->
</testng-results>
